This file contains any messages produced by compilers while
running configure, to aid debugging if configure makes a mistake.

It was created by FrobTADS configure 1.1, which was
generated by GNU Autoconf 2.68.  Invocation command line was

  $ ./configure 

## --------- ##
## Platform. ##
## --------- ##

hostname = batman
uname -m = x86_64
uname -r = 3.2.0-25-generic
uname -s = Linux
uname -v = #40-Ubuntu SMP Wed May 23 20:30:51 UTC 2012

/usr/bin/uname -p = unknown
/bin/uname -X     = unknown

/bin/arch              = unknown
/usr/bin/arch -k       = unknown
/usr/convex/getsysinfo = unknown
/usr/bin/hostinfo      = unknown
/bin/machine           = unknown
/usr/bin/oslevel       = unknown
/bin/universe          = unknown

PATH: /home/gopi/bin
PATH: /home/gopi/dev/arm/CodeSourcery/bin
PATH: /home/gopi/bin
PATH: /usr/lib/lightdm/lightdm
PATH: /usr/local/sbin
PATH: /usr/local/bin
PATH: /usr/sbin
PATH: /usr/bin
PATH: /sbin
PATH: /bin
PATH: /usr/games
PATH: /home/gopi/bin
PATH: /home/gopi/android-utility
PATH: /home/gopi/android-utility/utility
PATH: /home/gopi/android-sdk/platform-tools/
PATH: /home/gopi/android-sdk/tools
PATH: /home/gopi/dev/chromiumos/depot_tools
PATH: /home/gopi/dev/arm/CodeSourcery/bin
PATH: /home/gopi/dev/blackberry/sdk/blackberry-tablet-sdk/bin


## ----------- ##
## Core tests. ##
## ----------- ##

configure:2585: checking for a BSD-compatible install
configure:2653: result: /usr/bin/install -c
configure:2664: checking whether build environment is sane
configure:2714: result: yes
configure:2855: checking for a thread-safe mkdir -p
configure:2894: result: /bin/mkdir -p
configure:2907: checking for gawk
configure:2923: found /usr/bin/gawk
configure:2934: result: gawk
configure:2945: checking whether make sets $(MAKE)
configure:2967: result: yes
configure:3129: checking for g++
configure:3145: found /usr/bin/g++
configure:3156: result: g++
configure:3183: checking for C++ compiler version
configure:3192: g++ --version >&5
g++ (Ubuntu/Linaro 4.6.3-1ubuntu5) 4.6.3
Copyright (C) 2011 Free Software Foundation, Inc.
This is free software; see the source for copying conditions.  There is NO
warranty; not even for MERCHANTABILITY or FITNESS FOR A PARTICULAR PURPOSE.

configure:3203: $? = 0
configure:3192: g++ -v >&5
Using built-in specs.
COLLECT_GCC=g++
COLLECT_LTO_WRAPPER=/usr/lib/gcc/x86_64-linux-gnu/4.6/lto-wrapper
Target: x86_64-linux-gnu
Configured with: ../src/configure -v --with-pkgversion='Ubuntu/Linaro 4.6.3-1ubuntu5' --with-bugurl=file:///usr/share/doc/gcc-4.6/README.Bugs --enable-languages=c,c++,fortran,objc,obj-c++ --prefix=/usr --program-suffix=-4.6 --enable-shared --enable-linker-build-id --with-system-zlib --libexecdir=/usr/lib --without-included-gettext --enable-threads=posix --with-gxx-include-dir=/usr/include/c++/4.6 --libdir=/usr/lib --enable-nls --with-sysroot=/ --enable-clocale=gnu --enable-libstdcxx-debug --enable-libstdcxx-time=yes --enable-gnu-unique-object --enable-plugin --enable-objc-gc --disable-werror --with-arch-32=i686 --with-tune=generic --enable-checking=release --build=x86_64-linux-gnu --host=x86_64-linux-gnu --target=x86_64-linux-gnu
Thread model: posix
gcc version 4.6.3 (Ubuntu/Linaro 4.6.3-1ubuntu5) 
configure:3203: $? = 0
configure:3192: g++ -V >&5
g++: error: unrecognized option '-V'
g++: fatal error: no input files
compilation terminated.
configure:3203: $? = 4
configure:3192: g++ -qversion >&5
g++: error: unrecognized option '-qversion'
g++: fatal error: no input files
compilation terminated.
configure:3203: $? = 4
configure:3223: checking whether the C++ compiler works
configure:3245: g++    conftest.cpp  >&5
configure:3249: $? = 0
configure:3297: result: yes
configure:3300: checking for C++ compiler default output file name
configure:3302: result: a.out
configure:3308: checking for suffix of executables
configure:3315: g++ -o conftest    conftest.cpp  >&5
configure:3319: $? = 0
configure:3341: result: 
configure:3363: checking whether we are cross compiling
configure:3371: g++ -o conftest    conftest.cpp  >&5
configure:3375: $? = 0
configure:3382: ./conftest
configure:3386: $? = 0
configure:3401: result: no
configure:3406: checking for suffix of object files
configure:3428: g++ -c   conftest.cpp >&5
configure:3432: $? = 0
configure:3453: result: o
configure:3457: checking whether we are using the GNU C++ compiler
configure:3476: g++ -c   conftest.cpp >&5
configure:3476: $? = 0
configure:3485: result: yes
configure:3494: checking whether g++ accepts -g
configure:3514: g++ -c -g  conftest.cpp >&5
configure:3514: $? = 0
configure:3555: result: yes
configure:3589: checking for style of include used by make
configure:3617: result: GNU
configure:3642: checking dependency style of g++
configure:3752: result: gcc3
configure:3818: checking for gcc
configure:3834: found /usr/bin/gcc
configure:3845: result: gcc
configure:4074: checking for C compiler version
configure:4083: gcc --version >&5
gcc (Ubuntu/Linaro 4.6.3-1ubuntu5) 4.6.3
Copyright (C) 2011 Free Software Foundation, Inc.
This is free software; see the source for copying conditions.  There is NO
warranty; not even for MERCHANTABILITY or FITNESS FOR A PARTICULAR PURPOSE.

configure:4094: $? = 0
configure:4083: gcc -v >&5
Using built-in specs.
COLLECT_GCC=gcc
COLLECT_LTO_WRAPPER=/usr/lib/gcc/x86_64-linux-gnu/4.6/lto-wrapper
Target: x86_64-linux-gnu
Configured with: ../src/configure -v --with-pkgversion='Ubuntu/Linaro 4.6.3-1ubuntu5' --with-bugurl=file:///usr/share/doc/gcc-4.6/README.Bugs --enable-languages=c,c++,fortran,objc,obj-c++ --prefix=/usr --program-suffix=-4.6 --enable-shared --enable-linker-build-id --with-system-zlib --libexecdir=/usr/lib --without-included-gettext --enable-threads=posix --with-gxx-include-dir=/usr/include/c++/4.6 --libdir=/usr/lib --enable-nls --with-sysroot=/ --enable-clocale=gnu --enable-libstdcxx-debug --enable-libstdcxx-time=yes --enable-gnu-unique-object --enable-plugin --enable-objc-gc --disable-werror --with-arch-32=i686 --with-tune=generic --enable-checking=release --build=x86_64-linux-gnu --host=x86_64-linux-gnu --target=x86_64-linux-gnu
Thread model: posix
gcc version 4.6.3 (Ubuntu/Linaro 4.6.3-1ubuntu5) 
configure:4094: $? = 0
configure:4083: gcc -V >&5
gcc: error: unrecognized option '-V'
gcc: fatal error: no input files
compilation terminated.
configure:4094: $? = 4
configure:4083: gcc -qversion >&5
gcc: error: unrecognized option '-qversion'
gcc: fatal error: no input files
compilation terminated.
configure:4094: $? = 4
configure:4098: checking whether we are using the GNU C compiler
configure:4117: gcc -c   conftest.c >&5
configure:4117: $? = 0
configure:4126: result: yes
configure:4135: checking whether gcc accepts -g
configure:4155: gcc -c -g  conftest.c >&5
configure:4155: $? = 0
configure:4196: result: yes
configure:4213: checking for gcc option to accept ISO C89
configure:4277: gcc  -c -g -O2  conftest.c >&5
configure:4277: $? = 0
configure:4290: result: none needed
configure:4312: checking dependency style of gcc
configure:4422: result: gcc3
configure:4443: checking whether gcc and cc understand -c and -o together
configure:4474: gcc -c conftest.c -o conftest2.o >&5
configure:4478: $? = 0
configure:4484: gcc -c conftest.c -o conftest2.o >&5
configure:4488: $? = 0
configure:4499: cc -c conftest.c >&5
configure:4503: $? = 0
configure:4511: cc -c conftest.c -o conftest2.o >&5
configure:4515: $? = 0
configure:4521: cc -c conftest.c -o conftest2.o >&5
configure:4525: $? = 0
configure:4543: result: yes
configure:4573: checking whether g++ understands -c and -o together
configure:4597: g++ -g -O2 -c conftest.cpp -o conftest2.o >&5
configure:4601: $? = 0
configure:4608: g++ -g -O2 -c conftest.cpp -o conftest2.o >&5
configure:4612: $? = 0
configure:4620: result: yes
configure:4653: checking for library containing initscr
configure:4684: gcc -o conftest -g -O2   conftest.c  >&5
/tmp/ccExFZsX.o: In function `main':
/home/gopi/dev/6002Maze/frobtads-1.1/conftest.c:24: undefined reference to `initscr'
collect2: ld returned 1 exit status
configure:4684: $? = 1
configure: failed program was:
| /* confdefs.h */
| #define PACKAGE_NAME "FrobTADS"
| #define PACKAGE_TARNAME "frobtads"
| #define PACKAGE_VERSION "1.1"
| #define PACKAGE_STRING "FrobTADS 1.1"
| #define PACKAGE_BUGREPORT "realnc@gmail.com"
| #define PACKAGE_URL ""
| #define PACKAGE "frobtads"
| #define VERSION "1.1"
| #define TADS_OEM_VERSION "0"
| #define PACKAGE_MAINTAINER "Nikos Chantziaras"
| /* end confdefs.h.  */
| 
| /* Override any GCC internal prototype to avoid an error.
|    Use char because int might match the return type of a GCC
|    builtin and then its argument prototype would still apply.  */
| #ifdef __cplusplus
| extern "C"
| #endif
| char initscr ();
| int
| main ()
| {
| return initscr ();
|   ;
|   return 0;
| }
configure:4684: gcc -o conftest -g -O2   conftest.c -lncurses   >&5
configure:4684: $? = 0
configure:4701: result: -lncurses
configure:4714: checking for library containing curl_global_init
configure:4745: gcc -o conftest -g -O2   conftest.c -lncurses  >&5
/tmp/ccDmSVgc.o: In function `main':
/home/gopi/dev/6002Maze/frobtads-1.1/conftest.c:24: undefined reference to `curl_global_init'
collect2: ld returned 1 exit status
configure:4745: $? = 1
configure: failed program was:
| /* confdefs.h */
| #define PACKAGE_NAME "FrobTADS"
| #define PACKAGE_TARNAME "frobtads"
| #define PACKAGE_VERSION "1.1"
| #define PACKAGE_STRING "FrobTADS 1.1"
| #define PACKAGE_BUGREPORT "realnc@gmail.com"
| #define PACKAGE_URL ""
| #define PACKAGE "frobtads"
| #define VERSION "1.1"
| #define TADS_OEM_VERSION "0"
| #define PACKAGE_MAINTAINER "Nikos Chantziaras"
| /* end confdefs.h.  */
| 
| /* Override any GCC internal prototype to avoid an error.
|    Use char because int might match the return type of a GCC
|    builtin and then its argument prototype would still apply.  */
| #ifdef __cplusplus
| extern "C"
| #endif
| char curl_global_init ();
| int
| main ()
| {
| return curl_global_init ();
|   ;
|   return 0;
| }
configure:4745: gcc -o conftest -g -O2   conftest.c -lcurl  -lncurses  >&5
configure:4745: $? = 0
configure:4762: result: -lcurl
configure:4782: checking how to run the C preprocessor
configure:4813: gcc -E  conftest.c
configure:4813: $? = 0
configure:4827: gcc -E  conftest.c
conftest.c:13:28: fatal error: ac_nonexistent.h: No such file or directory
compilation terminated.
configure:4827: $? = 1
configure: failed program was:
| /* confdefs.h */
| #define PACKAGE_NAME "FrobTADS"
| #define PACKAGE_TARNAME "frobtads"
| #define PACKAGE_VERSION "1.1"
| #define PACKAGE_STRING "FrobTADS 1.1"
| #define PACKAGE_BUGREPORT "realnc@gmail.com"
| #define PACKAGE_URL ""
| #define PACKAGE "frobtads"
| #define VERSION "1.1"
| #define TADS_OEM_VERSION "0"
| #define PACKAGE_MAINTAINER "Nikos Chantziaras"
| /* end confdefs.h.  */
| #include <ac_nonexistent.h>
configure:4852: result: gcc -E
configure:4872: gcc -E  conftest.c
configure:4872: $? = 0
configure:4886: gcc -E  conftest.c
conftest.c:13:28: fatal error: ac_nonexistent.h: No such file or directory
compilation terminated.
configure:4886: $? = 1
configure: failed program was:
| /* confdefs.h */
| #define PACKAGE_NAME "FrobTADS"
| #define PACKAGE_TARNAME "frobtads"
| #define PACKAGE_VERSION "1.1"
| #define PACKAGE_STRING "FrobTADS 1.1"
| #define PACKAGE_BUGREPORT "realnc@gmail.com"
| #define PACKAGE_URL ""
| #define PACKAGE "frobtads"
| #define VERSION "1.1"
| #define TADS_OEM_VERSION "0"
| #define PACKAGE_MAINTAINER "Nikos Chantziaras"
| /* end confdefs.h.  */
| #include <ac_nonexistent.h>
configure:4915: checking for grep that handles long lines and -e
configure:4973: result: /bin/grep
configure:4978: checking for egrep
configure:5040: result: /bin/grep -E
configure:5045: checking for ANSI C header files
configure:5065: gcc -c -g -O2  conftest.c >&5
configure:5065: $? = 0
configure:5138: gcc -o conftest -g -O2   conftest.c -lcurl -lncurses  >&5
configure:5138: $? = 0
configure:5138: ./conftest
configure:5138: $? = 0
configure:5149: result: yes
configure:5162: checking for sys/types.h
configure:5162: gcc -c -g -O2  conftest.c >&5
configure:5162: $? = 0
configure:5162: result: yes
configure:5162: checking for sys/stat.h
configure:5162: gcc -c -g -O2  conftest.c >&5
configure:5162: $? = 0
configure:5162: result: yes
configure:5162: checking for stdlib.h
configure:5162: gcc -c -g -O2  conftest.c >&5
configure:5162: $? = 0
configure:5162: result: yes
configure:5162: checking for string.h
configure:5162: gcc -c -g -O2  conftest.c >&5
configure:5162: $? = 0
configure:5162: result: yes
configure:5162: checking for memory.h
configure:5162: gcc -c -g -O2  conftest.c >&5
configure:5162: $? = 0
configure:5162: result: yes
configure:5162: checking for strings.h
configure:5162: gcc -c -g -O2  conftest.c >&5
configure:5162: $? = 0
configure:5162: result: yes
configure:5162: checking for inttypes.h
configure:5162: gcc -c -g -O2  conftest.c >&5
configure:5162: $? = 0
configure:5162: result: yes
configure:5162: checking for stdint.h
configure:5162: gcc -c -g -O2  conftest.c >&5
configure:5162: $? = 0
configure:5162: result: yes
configure:5162: checking for unistd.h
configure:5162: gcc -c -g -O2  conftest.c >&5
configure:5162: $? = 0
configure:5162: result: yes
configure:5177: checking limits.h usability
configure:5177: gcc -c -g -O2  conftest.c >&5
configure:5177: $? = 0
configure:5177: result: yes
configure:5177: checking limits.h presence
configure:5177: gcc -E  conftest.c
configure:5177: $? = 0
configure:5177: result: yes
configure:5177: checking for limits.h
configure:5177: result: yes
configure:5177: checking stddef.h usability
configure:5177: gcc -c -g -O2  conftest.c >&5
configure:5177: $? = 0
configure:5177: result: yes
configure:5177: checking stddef.h presence
configure:5177: gcc -E  conftest.c
configure:5177: $? = 0
configure:5177: result: yes
configure:5177: checking for stddef.h
configure:5177: result: yes
configure:5177: checking termios.h usability
configure:5177: gcc -c -g -O2  conftest.c >&5
configure:5177: $? = 0
configure:5177: result: yes
configure:5177: checking termios.h presence
configure:5177: gcc -E  conftest.c
configure:5177: $? = 0
configure:5177: result: yes
configure:5177: checking for termios.h
configure:5177: result: yes
configure:5177: checking sys/ioctl.h usability
configure:5177: gcc -c -g -O2  conftest.c >&5
configure:5177: $? = 0
configure:5177: result: yes
configure:5177: checking sys/ioctl.h presence
configure:5177: gcc -E  conftest.c
configure:5177: $? = 0
configure:5177: result: yes
configure:5177: checking for sys/ioctl.h
configure:5177: result: yes
configure:5193: checking ncurses.h usability
configure:5193: gcc -c -g -O2  conftest.c >&5
configure:5193: $? = 0
configure:5193: result: yes
configure:5193: checking ncurses.h presence
configure:5193: gcc -E  conftest.c
configure:5193: $? = 0
configure:5193: result: yes
configure:5193: checking for ncurses.h
configure:5193: result: yes
configure:5208: checking sys/time.h usability
configure:5208: gcc -c -g -O2  conftest.c >&5
configure:5208: $? = 0
configure:5208: result: yes
configure:5208: checking sys/time.h presence
configure:5208: gcc -E  conftest.c
configure:5208: $? = 0
configure:5208: result: yes
configure:5208: checking for sys/time.h
configure:5208: result: yes
configure:5224: checking whether time.h and sys/time.h may both be included
configure:5244: gcc -c -g -O2  conftest.c >&5
configure:5244: $? = 0
configure:5251: result: yes
configure:5264: checking wchar.h usability
configure:5264: gcc -c -g -O2  conftest.c >&5
configure:5264: $? = 0
configure:5264: result: yes
configure:5264: checking wchar.h presence
configure:5264: gcc -E  conftest.c
configure:5264: $? = 0
configure:5264: result: yes
configure:5264: checking for wchar.h
configure:5264: result: yes
configure:5281: checking glob.h usability
configure:5281: gcc -c -g -O2  conftest.c >&5
configure:5281: $? = 0
configure:5281: result: yes
configure:5281: checking glob.h presence
configure:5281: gcc -E  conftest.c
configure:5281: $? = 0
configure:5281: result: yes
configure:5281: checking for glob.h
configure:5281: result: yes
configure:5297: checking langinfo.h usability
configure:5297: gcc -c -g -O2  conftest.c >&5
configure:5297: $? = 0
configure:5297: result: yes
configure:5297: checking langinfo.h presence
configure:5297: gcc -E  conftest.c
configure:5297: $? = 0
configure:5297: result: yes
configure:5297: checking for langinfo.h
configure:5297: result: yes
configure:5297: checking locale.h usability
configure:5297: gcc -c -g -O2  conftest.c >&5
configure:5297: $? = 0
configure:5297: result: yes
configure:5297: checking locale.h presence
configure:5297: gcc -E  conftest.c
configure:5297: $? = 0
configure:5297: result: yes
configure:5297: checking for locale.h
configure:5297: result: yes
configure:5311: checking whether termios.h defines TIOCGWINSZ
configure:5334: result: no
configure:5338: checking whether sys/ioctl.h defines TIOCGWINSZ
configure:5361: result: yes
configure:5386: checking for an ANSI C-conforming const
configure:5451: gcc -c -g -O2  conftest.c >&5
configure:5451: $? = 0
configure:5458: result: yes
configure:5466: checking for size_t
configure:5466: gcc -c -g -O2  conftest.c >&5
configure:5466: $? = 0
configure:5466: gcc -c -g -O2  conftest.c >&5
conftest.c: In function 'main':
conftest.c:71:21: error: expected expression before ')' token
configure:5466: $? = 1
configure: failed program was:
| /* confdefs.h */
| #define PACKAGE_NAME "FrobTADS"
| #define PACKAGE_TARNAME "frobtads"
| #define PACKAGE_VERSION "1.1"
| #define PACKAGE_STRING "FrobTADS 1.1"
| #define PACKAGE_BUGREPORT "realnc@gmail.com"
| #define PACKAGE_URL ""
| #define PACKAGE "frobtads"
| #define VERSION "1.1"
| #define TADS_OEM_VERSION "0"
| #define PACKAGE_MAINTAINER "Nikos Chantziaras"
| #define STDC_HEADERS 1
| #define HAVE_SYS_TYPES_H 1
| #define HAVE_SYS_STAT_H 1
| #define HAVE_STDLIB_H 1
| #define HAVE_STRING_H 1
| #define HAVE_MEMORY_H 1
| #define HAVE_STRINGS_H 1
| #define HAVE_INTTYPES_H 1
| #define HAVE_STDINT_H 1
| #define HAVE_UNISTD_H 1
| #define HAVE_LIMITS_H 1
| #define HAVE_STDDEF_H 1
| #define HAVE_TERMIOS_H 1
| #define HAVE_SYS_IOCTL_H 1
| #define HAVE_NCURSES_H 1
| #define HAVE_SYS_TIME_H 1
| #define TIME_WITH_SYS_TIME 1
| #define HAVE_WCHAR_H 1
| #define HAVE_GLOB_H 1
| #define HAVE_LANGINFO_H 1
| #define HAVE_LOCALE_H 1
| #define GWINSZ_IN_SYS_IOCTL 1
| /* end confdefs.h.  */
| #include <stdio.h>
| #ifdef HAVE_SYS_TYPES_H
| # include <sys/types.h>
| #endif
| #ifdef HAVE_SYS_STAT_H
| # include <sys/stat.h>
| #endif
| #ifdef STDC_HEADERS
| # include <stdlib.h>
| # include <stddef.h>
| #else
| # ifdef HAVE_STDLIB_H
| #  include <stdlib.h>
| # endif
| #endif
| #ifdef HAVE_STRING_H
| # if !defined STDC_HEADERS && defined HAVE_MEMORY_H
| #  include <memory.h>
| # endif
| # include <string.h>
| #endif
| #ifdef HAVE_STRINGS_H
| # include <strings.h>
| #endif
| #ifdef HAVE_INTTYPES_H
| # include <inttypes.h>
| #endif
| #ifdef HAVE_STDINT_H
| # include <stdint.h>
| #endif
| #ifdef HAVE_UNISTD_H
| # include <unistd.h>
| #endif
| int
| main ()
| {
| if (sizeof ((size_t)))
| 	    return 0;
|   ;
|   return 0;
| }
configure:5466: result: yes
configure:5477: checking for working volatile
configure:5496: gcc -c -g -O2  conftest.c >&5
configure:5496: $? = 0
configure:5503: result: yes
configure:5514: checking for SIGWINCH signal support
configure:5531: gcc -c -g -O2  conftest.c >&5
configure:5531: $? = 0
configure:5540: result: yes
configure:5561: checking for presence of uchar, ushort, uint and ulong in C
configure:5563: checking for uchar
configure:5563: gcc -c -g -O2  conftest.c >&5
conftest.c: In function 'main':
conftest.c:72:13: error: 'uchar' undeclared (first use in this function)
conftest.c:72:13: note: each undeclared identifier is reported only once for each function it appears in
configure:5563: $? = 1
configure: failed program was:
| /* confdefs.h */
| #define PACKAGE_NAME "FrobTADS"
| #define PACKAGE_TARNAME "frobtads"
| #define PACKAGE_VERSION "1.1"
| #define PACKAGE_STRING "FrobTADS 1.1"
| #define PACKAGE_BUGREPORT "realnc@gmail.com"
| #define PACKAGE_URL ""
| #define PACKAGE "frobtads"
| #define VERSION "1.1"
| #define TADS_OEM_VERSION "0"
| #define PACKAGE_MAINTAINER "Nikos Chantziaras"
| #define STDC_HEADERS 1
| #define HAVE_SYS_TYPES_H 1
| #define HAVE_SYS_STAT_H 1
| #define HAVE_STDLIB_H 1
| #define HAVE_STRING_H 1
| #define HAVE_MEMORY_H 1
| #define HAVE_STRINGS_H 1
| #define HAVE_INTTYPES_H 1
| #define HAVE_STDINT_H 1
| #define HAVE_UNISTD_H 1
| #define HAVE_LIMITS_H 1
| #define HAVE_STDDEF_H 1
| #define HAVE_TERMIOS_H 1
| #define HAVE_SYS_IOCTL_H 1
| #define HAVE_NCURSES_H 1
| #define HAVE_SYS_TIME_H 1
| #define TIME_WITH_SYS_TIME 1
| #define HAVE_WCHAR_H 1
| #define HAVE_GLOB_H 1
| #define HAVE_LANGINFO_H 1
| #define HAVE_LOCALE_H 1
| #define GWINSZ_IN_SYS_IOCTL 1
| #define HAVE_SIGWINCH 1
| /* end confdefs.h.  */
| #include <stdio.h>
| #ifdef HAVE_SYS_TYPES_H
| # include <sys/types.h>
| #endif
| #ifdef HAVE_SYS_STAT_H
| # include <sys/stat.h>
| #endif
| #ifdef STDC_HEADERS
| # include <stdlib.h>
| # include <stddef.h>
| #else
| # ifdef HAVE_STDLIB_H
| #  include <stdlib.h>
| # endif
| #endif
| #ifdef HAVE_STRING_H
| # if !defined STDC_HEADERS && defined HAVE_MEMORY_H
| #  include <memory.h>
| # endif
| # include <string.h>
| #endif
| #ifdef HAVE_STRINGS_H
| # include <strings.h>
| #endif
| #ifdef HAVE_INTTYPES_H
| # include <inttypes.h>
| #endif
| #ifdef HAVE_STDINT_H
| # include <stdint.h>
| #endif
| #ifdef HAVE_UNISTD_H
| # include <unistd.h>
| #endif
| int
| main ()
| {
| if (sizeof (uchar))
| 	 return 0;
|   ;
|   return 0;
| }
configure:5563: result: no
configure:5570: checking for ushort
configure:5570: gcc -c -g -O2  conftest.c >&5
configure:5570: $? = 0
configure:5570: gcc -c -g -O2  conftest.c >&5
conftest.c: In function 'main':
conftest.c:72:21: error: expected expression before ')' token
configure:5570: $? = 1
configure: failed program was:
| /* confdefs.h */
| #define PACKAGE_NAME "FrobTADS"
| #define PACKAGE_TARNAME "frobtads"
| #define PACKAGE_VERSION "1.1"
| #define PACKAGE_STRING "FrobTADS 1.1"
| #define PACKAGE_BUGREPORT "realnc@gmail.com"
| #define PACKAGE_URL ""
| #define PACKAGE "frobtads"
| #define VERSION "1.1"
| #define TADS_OEM_VERSION "0"
| #define PACKAGE_MAINTAINER "Nikos Chantziaras"
| #define STDC_HEADERS 1
| #define HAVE_SYS_TYPES_H 1
| #define HAVE_SYS_STAT_H 1
| #define HAVE_STDLIB_H 1
| #define HAVE_STRING_H 1
| #define HAVE_MEMORY_H 1
| #define HAVE_STRINGS_H 1
| #define HAVE_INTTYPES_H 1
| #define HAVE_STDINT_H 1
| #define HAVE_UNISTD_H 1
| #define HAVE_LIMITS_H 1
| #define HAVE_STDDEF_H 1
| #define HAVE_TERMIOS_H 1
| #define HAVE_SYS_IOCTL_H 1
| #define HAVE_NCURSES_H 1
| #define HAVE_SYS_TIME_H 1
| #define TIME_WITH_SYS_TIME 1
| #define HAVE_WCHAR_H 1
| #define HAVE_GLOB_H 1
| #define HAVE_LANGINFO_H 1
| #define HAVE_LOCALE_H 1
| #define GWINSZ_IN_SYS_IOCTL 1
| #define HAVE_SIGWINCH 1
| /* end confdefs.h.  */
| #include <stdio.h>
| #ifdef HAVE_SYS_TYPES_H
| # include <sys/types.h>
| #endif
| #ifdef HAVE_SYS_STAT_H
| # include <sys/stat.h>
| #endif
| #ifdef STDC_HEADERS
| # include <stdlib.h>
| # include <stddef.h>
| #else
| # ifdef HAVE_STDLIB_H
| #  include <stdlib.h>
| # endif
| #endif
| #ifdef HAVE_STRING_H
| # if !defined STDC_HEADERS && defined HAVE_MEMORY_H
| #  include <memory.h>
| # endif
| # include <string.h>
| #endif
| #ifdef HAVE_STRINGS_H
| # include <strings.h>
| #endif
| #ifdef HAVE_INTTYPES_H
| # include <inttypes.h>
| #endif
| #ifdef HAVE_STDINT_H
| # include <stdint.h>
| #endif
| #ifdef HAVE_UNISTD_H
| # include <unistd.h>
| #endif
| int
| main ()
| {
| if (sizeof ((ushort)))
| 	    return 0;
|   ;
|   return 0;
| }
configure:5570: result: yes
configure:5577: checking for uint
configure:5577: gcc -c -g -O2  conftest.c >&5
configure:5577: $? = 0
configure:5577: gcc -c -g -O2  conftest.c >&5
conftest.c: In function 'main':
conftest.c:73:19: error: expected expression before ')' token
configure:5577: $? = 1
configure: failed program was:
| /* confdefs.h */
| #define PACKAGE_NAME "FrobTADS"
| #define PACKAGE_TARNAME "frobtads"
| #define PACKAGE_VERSION "1.1"
| #define PACKAGE_STRING "FrobTADS 1.1"
| #define PACKAGE_BUGREPORT "realnc@gmail.com"
| #define PACKAGE_URL ""
| #define PACKAGE "frobtads"
| #define VERSION "1.1"
| #define TADS_OEM_VERSION "0"
| #define PACKAGE_MAINTAINER "Nikos Chantziaras"
| #define STDC_HEADERS 1
| #define HAVE_SYS_TYPES_H 1
| #define HAVE_SYS_STAT_H 1
| #define HAVE_STDLIB_H 1
| #define HAVE_STRING_H 1
| #define HAVE_MEMORY_H 1
| #define HAVE_STRINGS_H 1
| #define HAVE_INTTYPES_H 1
| #define HAVE_STDINT_H 1
| #define HAVE_UNISTD_H 1
| #define HAVE_LIMITS_H 1
| #define HAVE_STDDEF_H 1
| #define HAVE_TERMIOS_H 1
| #define HAVE_SYS_IOCTL_H 1
| #define HAVE_NCURSES_H 1
| #define HAVE_SYS_TIME_H 1
| #define TIME_WITH_SYS_TIME 1
| #define HAVE_WCHAR_H 1
| #define HAVE_GLOB_H 1
| #define HAVE_LANGINFO_H 1
| #define HAVE_LOCALE_H 1
| #define GWINSZ_IN_SYS_IOCTL 1
| #define HAVE_SIGWINCH 1
| #define C_USHORT_DEFINED 1
| /* end confdefs.h.  */
| #include <stdio.h>
| #ifdef HAVE_SYS_TYPES_H
| # include <sys/types.h>
| #endif
| #ifdef HAVE_SYS_STAT_H
| # include <sys/stat.h>
| #endif
| #ifdef STDC_HEADERS
| # include <stdlib.h>
| # include <stddef.h>
| #else
| # ifdef HAVE_STDLIB_H
| #  include <stdlib.h>
| # endif
| #endif
| #ifdef HAVE_STRING_H
| # if !defined STDC_HEADERS && defined HAVE_MEMORY_H
| #  include <memory.h>
| # endif
| # include <string.h>
| #endif
| #ifdef HAVE_STRINGS_H
| # include <strings.h>
| #endif
| #ifdef HAVE_INTTYPES_H
| # include <inttypes.h>
| #endif
| #ifdef HAVE_STDINT_H
| # include <stdint.h>
| #endif
| #ifdef HAVE_UNISTD_H
| # include <unistd.h>
| #endif
| int
| main ()
| {
| if (sizeof ((uint)))
| 	    return 0;
|   ;
|   return 0;
| }
configure:5577: result: yes
configure:5584: checking for ulong
configure:5584: gcc -c -g -O2  conftest.c >&5
configure:5584: $? = 0
configure:5584: gcc -c -g -O2  conftest.c >&5
conftest.c: In function 'main':
conftest.c:74:20: error: expected expression before ')' token
configure:5584: $? = 1
configure: failed program was:
| /* confdefs.h */
| #define PACKAGE_NAME "FrobTADS"
| #define PACKAGE_TARNAME "frobtads"
| #define PACKAGE_VERSION "1.1"
| #define PACKAGE_STRING "FrobTADS 1.1"
| #define PACKAGE_BUGREPORT "realnc@gmail.com"
| #define PACKAGE_URL ""
| #define PACKAGE "frobtads"
| #define VERSION "1.1"
| #define TADS_OEM_VERSION "0"
| #define PACKAGE_MAINTAINER "Nikos Chantziaras"
| #define STDC_HEADERS 1
| #define HAVE_SYS_TYPES_H 1
| #define HAVE_SYS_STAT_H 1
| #define HAVE_STDLIB_H 1
| #define HAVE_STRING_H 1
| #define HAVE_MEMORY_H 1
| #define HAVE_STRINGS_H 1
| #define HAVE_INTTYPES_H 1
| #define HAVE_STDINT_H 1
| #define HAVE_UNISTD_H 1
| #define HAVE_LIMITS_H 1
| #define HAVE_STDDEF_H 1
| #define HAVE_TERMIOS_H 1
| #define HAVE_SYS_IOCTL_H 1
| #define HAVE_NCURSES_H 1
| #define HAVE_SYS_TIME_H 1
| #define TIME_WITH_SYS_TIME 1
| #define HAVE_WCHAR_H 1
| #define HAVE_GLOB_H 1
| #define HAVE_LANGINFO_H 1
| #define HAVE_LOCALE_H 1
| #define GWINSZ_IN_SYS_IOCTL 1
| #define HAVE_SIGWINCH 1
| #define C_USHORT_DEFINED 1
| #define C_UINT_DEFINED 1
| /* end confdefs.h.  */
| #include <stdio.h>
| #ifdef HAVE_SYS_TYPES_H
| # include <sys/types.h>
| #endif
| #ifdef HAVE_SYS_STAT_H
| # include <sys/stat.h>
| #endif
| #ifdef STDC_HEADERS
| # include <stdlib.h>
| # include <stddef.h>
| #else
| # ifdef HAVE_STDLIB_H
| #  include <stdlib.h>
| # endif
| #endif
| #ifdef HAVE_STRING_H
| # if !defined STDC_HEADERS && defined HAVE_MEMORY_H
| #  include <memory.h>
| # endif
| # include <string.h>
| #endif
| #ifdef HAVE_STRINGS_H
| # include <strings.h>
| #endif
| #ifdef HAVE_INTTYPES_H
| # include <inttypes.h>
| #endif
| #ifdef HAVE_STDINT_H
| # include <stdint.h>
| #endif
| #ifdef HAVE_UNISTD_H
| # include <unistd.h>
| #endif
| int
| main ()
| {
| if (sizeof ((ulong)))
| 	    return 0;
|   ;
|   return 0;
| }
configure:5584: result: yes
configure:5608: checking for presence of uchar, ushort, uint and ulong in C++
configure:5611: checking for uchar 
configure:5611: g++ -c -g -O2  conftest.cpp >&5
conftest.cpp: In function 'int main()':
conftest.cpp:75:13: error: 'uchar' was not declared in this scope
configure:5611: $? = 1
configure: failed program was:
| /* confdefs.h */
| #define PACKAGE_NAME "FrobTADS"
| #define PACKAGE_TARNAME "frobtads"
| #define PACKAGE_VERSION "1.1"
| #define PACKAGE_STRING "FrobTADS 1.1"
| #define PACKAGE_BUGREPORT "realnc@gmail.com"
| #define PACKAGE_URL ""
| #define PACKAGE "frobtads"
| #define VERSION "1.1"
| #define TADS_OEM_VERSION "0"
| #define PACKAGE_MAINTAINER "Nikos Chantziaras"
| #define STDC_HEADERS 1
| #define HAVE_SYS_TYPES_H 1
| #define HAVE_SYS_STAT_H 1
| #define HAVE_STDLIB_H 1
| #define HAVE_STRING_H 1
| #define HAVE_MEMORY_H 1
| #define HAVE_STRINGS_H 1
| #define HAVE_INTTYPES_H 1
| #define HAVE_STDINT_H 1
| #define HAVE_UNISTD_H 1
| #define HAVE_LIMITS_H 1
| #define HAVE_STDDEF_H 1
| #define HAVE_TERMIOS_H 1
| #define HAVE_SYS_IOCTL_H 1
| #define HAVE_NCURSES_H 1
| #define HAVE_SYS_TIME_H 1
| #define TIME_WITH_SYS_TIME 1
| #define HAVE_WCHAR_H 1
| #define HAVE_GLOB_H 1
| #define HAVE_LANGINFO_H 1
| #define HAVE_LOCALE_H 1
| #define GWINSZ_IN_SYS_IOCTL 1
| #define HAVE_SIGWINCH 1
| #define C_USHORT_DEFINED 1
| #define C_UINT_DEFINED 1
| #define C_ULONG_DEFINED 1
| /* end confdefs.h.  */
| #include <stdio.h>
| #ifdef HAVE_SYS_TYPES_H
| # include <sys/types.h>
| #endif
| #ifdef HAVE_SYS_STAT_H
| # include <sys/stat.h>
| #endif
| #ifdef STDC_HEADERS
| # include <stdlib.h>
| # include <stddef.h>
| #else
| # ifdef HAVE_STDLIB_H
| #  include <stdlib.h>
| # endif
| #endif
| #ifdef HAVE_STRING_H
| # if !defined STDC_HEADERS && defined HAVE_MEMORY_H
| #  include <memory.h>
| # endif
| # include <string.h>
| #endif
| #ifdef HAVE_STRINGS_H
| # include <strings.h>
| #endif
| #ifdef HAVE_INTTYPES_H
| # include <inttypes.h>
| #endif
| #ifdef HAVE_STDINT_H
| # include <stdint.h>
| #endif
| #ifdef HAVE_UNISTD_H
| # include <unistd.h>
| #endif
| int
| main ()
| {
| if (sizeof (uchar ))
| 	 return 0;
|   ;
|   return 0;
| }
configure:5611: result: no
configure:5618: checking for ushort 
configure:5618: g++ -c -g -O2  conftest.cpp >&5
configure:5618: $? = 0
configure:5618: g++ -c -g -O2  conftest.cpp >&5
conftest.cpp: In function 'int main()':
conftest.cpp:75:21: error: expected primary-expression before ')' token
configure:5618: $? = 1
configure: failed program was:
| /* confdefs.h */
| #define PACKAGE_NAME "FrobTADS"
| #define PACKAGE_TARNAME "frobtads"
| #define PACKAGE_VERSION "1.1"
| #define PACKAGE_STRING "FrobTADS 1.1"
| #define PACKAGE_BUGREPORT "realnc@gmail.com"
| #define PACKAGE_URL ""
| #define PACKAGE "frobtads"
| #define VERSION "1.1"
| #define TADS_OEM_VERSION "0"
| #define PACKAGE_MAINTAINER "Nikos Chantziaras"
| #define STDC_HEADERS 1
| #define HAVE_SYS_TYPES_H 1
| #define HAVE_SYS_STAT_H 1
| #define HAVE_STDLIB_H 1
| #define HAVE_STRING_H 1
| #define HAVE_MEMORY_H 1
| #define HAVE_STRINGS_H 1
| #define HAVE_INTTYPES_H 1
| #define HAVE_STDINT_H 1
| #define HAVE_UNISTD_H 1
| #define HAVE_LIMITS_H 1
| #define HAVE_STDDEF_H 1
| #define HAVE_TERMIOS_H 1
| #define HAVE_SYS_IOCTL_H 1
| #define HAVE_NCURSES_H 1
| #define HAVE_SYS_TIME_H 1
| #define TIME_WITH_SYS_TIME 1
| #define HAVE_WCHAR_H 1
| #define HAVE_GLOB_H 1
| #define HAVE_LANGINFO_H 1
| #define HAVE_LOCALE_H 1
| #define GWINSZ_IN_SYS_IOCTL 1
| #define HAVE_SIGWINCH 1
| #define C_USHORT_DEFINED 1
| #define C_UINT_DEFINED 1
| #define C_ULONG_DEFINED 1
| /* end confdefs.h.  */
| #include <stdio.h>
| #ifdef HAVE_SYS_TYPES_H
| # include <sys/types.h>
| #endif
| #ifdef HAVE_SYS_STAT_H
| # include <sys/stat.h>
| #endif
| #ifdef STDC_HEADERS
| # include <stdlib.h>
| # include <stddef.h>
| #else
| # ifdef HAVE_STDLIB_H
| #  include <stdlib.h>
| # endif
| #endif
| #ifdef HAVE_STRING_H
| # if !defined STDC_HEADERS && defined HAVE_MEMORY_H
| #  include <memory.h>
| # endif
| # include <string.h>
| #endif
| #ifdef HAVE_STRINGS_H
| # include <strings.h>
| #endif
| #ifdef HAVE_INTTYPES_H
| # include <inttypes.h>
| #endif
| #ifdef HAVE_STDINT_H
| # include <stdint.h>
| #endif
| #ifdef HAVE_UNISTD_H
| # include <unistd.h>
| #endif
| int
| main ()
| {
| if (sizeof ((ushort )))
| 	    return 0;
|   ;
|   return 0;
| }
configure:5618: result: yes
configure:5625: checking for uint 
configure:5625: g++ -c -g -O2  conftest.cpp >&5
configure:5625: $? = 0
configure:5625: g++ -c -g -O2  conftest.cpp >&5
conftest.cpp: In function 'int main()':
conftest.cpp:76:19: error: expected primary-expression before ')' token
configure:5625: $? = 1
configure: failed program was:
| /* confdefs.h */
| #define PACKAGE_NAME "FrobTADS"
| #define PACKAGE_TARNAME "frobtads"
| #define PACKAGE_VERSION "1.1"
| #define PACKAGE_STRING "FrobTADS 1.1"
| #define PACKAGE_BUGREPORT "realnc@gmail.com"
| #define PACKAGE_URL ""
| #define PACKAGE "frobtads"
| #define VERSION "1.1"
| #define TADS_OEM_VERSION "0"
| #define PACKAGE_MAINTAINER "Nikos Chantziaras"
| #define STDC_HEADERS 1
| #define HAVE_SYS_TYPES_H 1
| #define HAVE_SYS_STAT_H 1
| #define HAVE_STDLIB_H 1
| #define HAVE_STRING_H 1
| #define HAVE_MEMORY_H 1
| #define HAVE_STRINGS_H 1
| #define HAVE_INTTYPES_H 1
| #define HAVE_STDINT_H 1
| #define HAVE_UNISTD_H 1
| #define HAVE_LIMITS_H 1
| #define HAVE_STDDEF_H 1
| #define HAVE_TERMIOS_H 1
| #define HAVE_SYS_IOCTL_H 1
| #define HAVE_NCURSES_H 1
| #define HAVE_SYS_TIME_H 1
| #define TIME_WITH_SYS_TIME 1
| #define HAVE_WCHAR_H 1
| #define HAVE_GLOB_H 1
| #define HAVE_LANGINFO_H 1
| #define HAVE_LOCALE_H 1
| #define GWINSZ_IN_SYS_IOCTL 1
| #define HAVE_SIGWINCH 1
| #define C_USHORT_DEFINED 1
| #define C_UINT_DEFINED 1
| #define C_ULONG_DEFINED 1
| #define CXX_USHORT_DEFINED 1
| /* end confdefs.h.  */
| #include <stdio.h>
| #ifdef HAVE_SYS_TYPES_H
| # include <sys/types.h>
| #endif
| #ifdef HAVE_SYS_STAT_H
| # include <sys/stat.h>
| #endif
| #ifdef STDC_HEADERS
| # include <stdlib.h>
| # include <stddef.h>
| #else
| # ifdef HAVE_STDLIB_H
| #  include <stdlib.h>
| # endif
| #endif
| #ifdef HAVE_STRING_H
| # if !defined STDC_HEADERS && defined HAVE_MEMORY_H
| #  include <memory.h>
| # endif
| # include <string.h>
| #endif
| #ifdef HAVE_STRINGS_H
| # include <strings.h>
| #endif
| #ifdef HAVE_INTTYPES_H
| # include <inttypes.h>
| #endif
| #ifdef HAVE_STDINT_H
| # include <stdint.h>
| #endif
| #ifdef HAVE_UNISTD_H
| # include <unistd.h>
| #endif
| int
| main ()
| {
| if (sizeof ((uint )))
| 	    return 0;
|   ;
|   return 0;
| }
configure:5625: result: yes
configure:5632: checking for ulong 
configure:5632: g++ -c -g -O2  conftest.cpp >&5
configure:5632: $? = 0
configure:5632: g++ -c -g -O2  conftest.cpp >&5
conftest.cpp: In function 'int main()':
conftest.cpp:77:20: error: expected primary-expression before ')' token
configure:5632: $? = 1
configure: failed program was:
| /* confdefs.h */
| #define PACKAGE_NAME "FrobTADS"
| #define PACKAGE_TARNAME "frobtads"
| #define PACKAGE_VERSION "1.1"
| #define PACKAGE_STRING "FrobTADS 1.1"
| #define PACKAGE_BUGREPORT "realnc@gmail.com"
| #define PACKAGE_URL ""
| #define PACKAGE "frobtads"
| #define VERSION "1.1"
| #define TADS_OEM_VERSION "0"
| #define PACKAGE_MAINTAINER "Nikos Chantziaras"
| #define STDC_HEADERS 1
| #define HAVE_SYS_TYPES_H 1
| #define HAVE_SYS_STAT_H 1
| #define HAVE_STDLIB_H 1
| #define HAVE_STRING_H 1
| #define HAVE_MEMORY_H 1
| #define HAVE_STRINGS_H 1
| #define HAVE_INTTYPES_H 1
| #define HAVE_STDINT_H 1
| #define HAVE_UNISTD_H 1
| #define HAVE_LIMITS_H 1
| #define HAVE_STDDEF_H 1
| #define HAVE_TERMIOS_H 1
| #define HAVE_SYS_IOCTL_H 1
| #define HAVE_NCURSES_H 1
| #define HAVE_SYS_TIME_H 1
| #define TIME_WITH_SYS_TIME 1
| #define HAVE_WCHAR_H 1
| #define HAVE_GLOB_H 1
| #define HAVE_LANGINFO_H 1
| #define HAVE_LOCALE_H 1
| #define GWINSZ_IN_SYS_IOCTL 1
| #define HAVE_SIGWINCH 1
| #define C_USHORT_DEFINED 1
| #define C_UINT_DEFINED 1
| #define C_ULONG_DEFINED 1
| #define CXX_USHORT_DEFINED 1
| #define CXX_UINT_DEFINED 1
| /* end confdefs.h.  */
| #include <stdio.h>
| #ifdef HAVE_SYS_TYPES_H
| # include <sys/types.h>
| #endif
| #ifdef HAVE_SYS_STAT_H
| # include <sys/stat.h>
| #endif
| #ifdef STDC_HEADERS
| # include <stdlib.h>
| # include <stddef.h>
| #else
| # ifdef HAVE_STDLIB_H
| #  include <stdlib.h>
| # endif
| #endif
| #ifdef HAVE_STRING_H
| # if !defined STDC_HEADERS && defined HAVE_MEMORY_H
| #  include <memory.h>
| # endif
| # include <string.h>
| #endif
| #ifdef HAVE_STRINGS_H
| # include <strings.h>
| #endif
| #ifdef HAVE_INTTYPES_H
| # include <inttypes.h>
| #endif
| #ifdef HAVE_STDINT_H
| # include <stdint.h>
| #endif
| #ifdef HAVE_UNISTD_H
| # include <unistd.h>
| #endif
| int
| main ()
| {
| if (sizeof ((ulong )))
| 	    return 0;
|   ;
|   return 0;
| }
configure:5632: result: yes
configure:5653: checking whether byte ordering is bigendian
configure:5668: gcc -c -g -O2  conftest.c >&5
conftest.c:43:9: error: unknown type name 'not'
conftest.c:43:15: error: expected '=', ',', ';', 'asm' or '__attribute__' before 'universal'
conftest.c:43:15: error: unknown type name 'universal'
configure:5668: $? = 1
configure: failed program was:
| /* confdefs.h */
| #define PACKAGE_NAME "FrobTADS"
| #define PACKAGE_TARNAME "frobtads"
| #define PACKAGE_VERSION "1.1"
| #define PACKAGE_STRING "FrobTADS 1.1"
| #define PACKAGE_BUGREPORT "realnc@gmail.com"
| #define PACKAGE_URL ""
| #define PACKAGE "frobtads"
| #define VERSION "1.1"
| #define TADS_OEM_VERSION "0"
| #define PACKAGE_MAINTAINER "Nikos Chantziaras"
| #define STDC_HEADERS 1
| #define HAVE_SYS_TYPES_H 1
| #define HAVE_SYS_STAT_H 1
| #define HAVE_STDLIB_H 1
| #define HAVE_STRING_H 1
| #define HAVE_MEMORY_H 1
| #define HAVE_STRINGS_H 1
| #define HAVE_INTTYPES_H 1
| #define HAVE_STDINT_H 1
| #define HAVE_UNISTD_H 1
| #define HAVE_LIMITS_H 1
| #define HAVE_STDDEF_H 1
| #define HAVE_TERMIOS_H 1
| #define HAVE_SYS_IOCTL_H 1
| #define HAVE_NCURSES_H 1
| #define HAVE_SYS_TIME_H 1
| #define TIME_WITH_SYS_TIME 1
| #define HAVE_WCHAR_H 1
| #define HAVE_GLOB_H 1
| #define HAVE_LANGINFO_H 1
| #define HAVE_LOCALE_H 1
| #define GWINSZ_IN_SYS_IOCTL 1
| #define HAVE_SIGWINCH 1
| #define C_USHORT_DEFINED 1
| #define C_UINT_DEFINED 1
| #define C_ULONG_DEFINED 1
| #define CXX_USHORT_DEFINED 1
| #define CXX_UINT_DEFINED 1
| #define CXX_ULONG_DEFINED 1
| /* end confdefs.h.  */
| #ifndef __APPLE_CC__
| 	       not a universal capable compiler
| 	     #endif
| 	     typedef int dummy;
| 
configure:5713: gcc -c -g -O2  conftest.c >&5
configure:5713: $? = 0
configure:5731: gcc -c -g -O2  conftest.c >&5
conftest.c: In function 'main':
conftest.c:49:4: error: unknown type name 'not'
conftest.c:49:12: error: expected '=', ',', ';', 'asm' or '__attribute__' before 'endian'
configure:5731: $? = 1
configure: failed program was:
| /* confdefs.h */
| #define PACKAGE_NAME "FrobTADS"
| #define PACKAGE_TARNAME "frobtads"
| #define PACKAGE_VERSION "1.1"
| #define PACKAGE_STRING "FrobTADS 1.1"
| #define PACKAGE_BUGREPORT "realnc@gmail.com"
| #define PACKAGE_URL ""
| #define PACKAGE "frobtads"
| #define VERSION "1.1"
| #define TADS_OEM_VERSION "0"
| #define PACKAGE_MAINTAINER "Nikos Chantziaras"
| #define STDC_HEADERS 1
| #define HAVE_SYS_TYPES_H 1
| #define HAVE_SYS_STAT_H 1
| #define HAVE_STDLIB_H 1
| #define HAVE_STRING_H 1
| #define HAVE_MEMORY_H 1
| #define HAVE_STRINGS_H 1
| #define HAVE_INTTYPES_H 1
| #define HAVE_STDINT_H 1
| #define HAVE_UNISTD_H 1
| #define HAVE_LIMITS_H 1
| #define HAVE_STDDEF_H 1
| #define HAVE_TERMIOS_H 1
| #define HAVE_SYS_IOCTL_H 1
| #define HAVE_NCURSES_H 1
| #define HAVE_SYS_TIME_H 1
| #define TIME_WITH_SYS_TIME 1
| #define HAVE_WCHAR_H 1
| #define HAVE_GLOB_H 1
| #define HAVE_LANGINFO_H 1
| #define HAVE_LOCALE_H 1
| #define GWINSZ_IN_SYS_IOCTL 1
| #define HAVE_SIGWINCH 1
| #define C_USHORT_DEFINED 1
| #define C_UINT_DEFINED 1
| #define C_ULONG_DEFINED 1
| #define CXX_USHORT_DEFINED 1
| #define CXX_UINT_DEFINED 1
| #define CXX_ULONG_DEFINED 1
| /* end confdefs.h.  */
| #include <sys/types.h>
| 		#include <sys/param.h>
| 
| int
| main ()
| {
| #if BYTE_ORDER != BIG_ENDIAN
| 		 not big endian
| 		#endif
| 
|   ;
|   return 0;
| }
configure:5859: result: no
configure:5901: checking size of long
configure:5906: gcc -o conftest -g -O2   conftest.c -lcurl -lncurses  >&5
configure:5906: $? = 0
configure:5906: ./conftest
configure:5906: $? = 0
configure:5920: result: 8
configure:5934: checking size of int
configure:5939: gcc -o conftest -g -O2   conftest.c -lcurl -lncurses  >&5
configure:5939: $? = 0
configure:5939: ./conftest
configure:5939: $? = 0
configure:5953: result: 4
configure:5967: checking size of short
configure:5972: gcc -o conftest -g -O2   conftest.c -lcurl -lncurses  >&5
configure:5972: $? = 0
configure:5972: ./conftest
configure:5972: $? = 0
configure:5986: result: 2
configure:6000: checking whether wcslen is declared
configure:6000: gcc -c -g -O2  conftest.c >&5
configure:6000: $? = 0
configure:6000: result: yes
configure:6011: checking whether wcscpy is declared
configure:6011: gcc -c -g -O2  conftest.c >&5
configure:6011: $? = 0
configure:6011: result: yes
configure:6027: checking for TIOCGWINSZ ioctl support
configure:6051: gcc -c -g -O2  conftest.c >&5
configure:6051: $? = 0
configure:6060: result: yes
configure:6071: checking for TIOCGSIZE ioctl support
configure:6093: gcc -c -g -O2  conftest.c >&5
conftest.c: In function 'main':
conftest.c:58:16: error: storage size of 'size' isn't known
conftest.c:58:31: error: 'TIOCGSIZE' undeclared (first use in this function)
conftest.c:58:31: note: each undeclared identifier is reported only once for each function it appears in
configure:6093: $? = 1
configure: failed program was:
| /* confdefs.h */
| #define PACKAGE_NAME "FrobTADS"
| #define PACKAGE_TARNAME "frobtads"
| #define PACKAGE_VERSION "1.1"
| #define PACKAGE_STRING "FrobTADS 1.1"
| #define PACKAGE_BUGREPORT "realnc@gmail.com"
| #define PACKAGE_URL ""
| #define PACKAGE "frobtads"
| #define VERSION "1.1"
| #define TADS_OEM_VERSION "0"
| #define PACKAGE_MAINTAINER "Nikos Chantziaras"
| #define STDC_HEADERS 1
| #define HAVE_SYS_TYPES_H 1
| #define HAVE_SYS_STAT_H 1
| #define HAVE_STDLIB_H 1
| #define HAVE_STRING_H 1
| #define HAVE_MEMORY_H 1
| #define HAVE_STRINGS_H 1
| #define HAVE_INTTYPES_H 1
| #define HAVE_STDINT_H 1
| #define HAVE_UNISTD_H 1
| #define HAVE_LIMITS_H 1
| #define HAVE_STDDEF_H 1
| #define HAVE_TERMIOS_H 1
| #define HAVE_SYS_IOCTL_H 1
| #define HAVE_NCURSES_H 1
| #define HAVE_SYS_TIME_H 1
| #define TIME_WITH_SYS_TIME 1
| #define HAVE_WCHAR_H 1
| #define HAVE_GLOB_H 1
| #define HAVE_LANGINFO_H 1
| #define HAVE_LOCALE_H 1
| #define GWINSZ_IN_SYS_IOCTL 1
| #define HAVE_SIGWINCH 1
| #define C_USHORT_DEFINED 1
| #define C_UINT_DEFINED 1
| #define C_ULONG_DEFINED 1
| #define CXX_USHORT_DEFINED 1
| #define CXX_UINT_DEFINED 1
| #define CXX_ULONG_DEFINED 1
| #define CPU_IS_BIGENDIAN 0
| #define SIZEOF_LONG 8
| #define SIZEOF_INT 4
| #define SIZEOF_SHORT 2
| #define HAVE_DECL_WCSLEN 1
| #define HAVE_DECL_WCSCPY 1
| #define HAVE_TIOCGWINSZ 1
| /* end confdefs.h.  */
| #if HAVE_TERMIOS_H
| #include <termios.h>
| #endif
| #if HAVE_SYS_IOCTL_H
| #include <sys/ioctl.h>
| #endif
| int
| main ()
| {
| struct ttysize size; ioctl(0, TIOCGSIZE, &size);
|   ;
|   return 0;
| }
configure:6102: result: no
configure:6123: checking for working memcmp
configure:6166: gcc -o conftest -g -O2   conftest.c -lcurl -lncurses  >&5
configure:6166: $? = 0
configure:6166: ./conftest
configure:6166: $? = 0
configure:6176: result: yes
configure:6185: checking whether lstat correctly handles trailing slash
configure:6211: gcc -o conftest -g -O2   conftest.c -lcurl -lncurses  >&5
configure:6211: $? = 0
configure:6211: ./conftest
configure:6211: $? = 0
configure:6228: result: yes
configure:6247: checking whether stat accepts an empty string
configure:6267: gcc -o conftest -g -O2   conftest.c -lcurl -lncurses  >&5
configure:6267: $? = 0
configure:6267: ./conftest
configure:6267: $? = 0
configure:6277: result: no
configure:6295: checking for vprintf
configure:6295: gcc -o conftest -g -O2   conftest.c -lcurl -lncurses  >&5
conftest.c:73:6: warning: conflicting types for built-in function 'vprintf' [enabled by default]
configure:6295: $? = 0
configure:6295: result: yes
configure:6301: checking for _doprnt
configure:6301: gcc -o conftest -g -O2   conftest.c -lcurl -lncurses  >&5
/tmp/ccoD5m3J.o: In function `main':
/home/gopi/dev/6002Maze/frobtads-1.1/conftest.c:85: undefined reference to `_doprnt'
collect2: ld returned 1 exit status
configure:6301: $? = 1
configure: failed program was:
| /* confdefs.h */
| #define PACKAGE_NAME "FrobTADS"
| #define PACKAGE_TARNAME "frobtads"
| #define PACKAGE_VERSION "1.1"
| #define PACKAGE_STRING "FrobTADS 1.1"
| #define PACKAGE_BUGREPORT "realnc@gmail.com"
| #define PACKAGE_URL ""
| #define PACKAGE "frobtads"
| #define VERSION "1.1"
| #define TADS_OEM_VERSION "0"
| #define PACKAGE_MAINTAINER "Nikos Chantziaras"
| #define STDC_HEADERS 1
| #define HAVE_SYS_TYPES_H 1
| #define HAVE_SYS_STAT_H 1
| #define HAVE_STDLIB_H 1
| #define HAVE_STRING_H 1
| #define HAVE_MEMORY_H 1
| #define HAVE_STRINGS_H 1
| #define HAVE_INTTYPES_H 1
| #define HAVE_STDINT_H 1
| #define HAVE_UNISTD_H 1
| #define HAVE_LIMITS_H 1
| #define HAVE_STDDEF_H 1
| #define HAVE_TERMIOS_H 1
| #define HAVE_SYS_IOCTL_H 1
| #define HAVE_NCURSES_H 1
| #define HAVE_SYS_TIME_H 1
| #define TIME_WITH_SYS_TIME 1
| #define HAVE_WCHAR_H 1
| #define HAVE_GLOB_H 1
| #define HAVE_LANGINFO_H 1
| #define HAVE_LOCALE_H 1
| #define GWINSZ_IN_SYS_IOCTL 1
| #define HAVE_SIGWINCH 1
| #define C_USHORT_DEFINED 1
| #define C_UINT_DEFINED 1
| #define C_ULONG_DEFINED 1
| #define CXX_USHORT_DEFINED 1
| #define CXX_UINT_DEFINED 1
| #define CXX_ULONG_DEFINED 1
| #define CPU_IS_BIGENDIAN 0
| #define SIZEOF_LONG 8
| #define SIZEOF_INT 4
| #define SIZEOF_SHORT 2
| #define HAVE_DECL_WCSLEN 1
| #define HAVE_DECL_WCSCPY 1
| #define HAVE_TIOCGWINSZ 1
| #define LSTAT_FOLLOWS_SLASHED_SYMLINK 1
| #define HAVE_VPRINTF 1
| /* end confdefs.h.  */
| /* Define _doprnt to an innocuous variant, in case <limits.h> declares _doprnt.
|    For example, HP-UX 11i <limits.h> declares gettimeofday.  */
| #define _doprnt innocuous__doprnt
| 
| /* System header to define __stub macros and hopefully few prototypes,
|     which can conflict with char _doprnt (); below.
|     Prefer <limits.h> to <assert.h> if __STDC__ is defined, since
|     <limits.h> exists even on freestanding compilers.  */
| 
| #ifdef __STDC__
| # include <limits.h>
| #else
| # include <assert.h>
| #endif
| 
| #undef _doprnt
| 
| /* Override any GCC internal prototype to avoid an error.
|    Use char because int might match the return type of a GCC
|    builtin and then its argument prototype would still apply.  */
| #ifdef __cplusplus
| extern "C"
| #endif
| char _doprnt ();
| /* The GNU C library defines this for functions which it implements
|     to always fail with ENOSYS.  Some functions are actually named
|     something starting with __ and the normal name is an alias.  */
| #if defined __stub__doprnt || defined __stub____doprnt
| choke me
| #endif
| 
| int
| main ()
| {
| return _doprnt ();
|   ;
|   return 0;
| }
configure:6301: result: no
configure:6315: checking for memmove
configure:6315: gcc -o conftest -g -O2   conftest.c -lcurl -lncurses  >&5
conftest.c:74:6: warning: conflicting types for built-in function 'memmove' [enabled by default]
configure:6315: $? = 0
configure:6315: result: yes
configure:6315: checking for memset
configure:6315: gcc -o conftest -g -O2   conftest.c -lcurl -lncurses  >&5
conftest.c:75:6: warning: conflicting types for built-in function 'memset' [enabled by default]
configure:6315: $? = 0
configure:6315: result: yes
configure:6315: checking for strchr
configure:6315: gcc -o conftest -g -O2   conftest.c -lcurl -lncurses  >&5
conftest.c:76:6: warning: conflicting types for built-in function 'strchr' [enabled by default]
configure:6315: $? = 0
configure:6315: result: yes
configure:6315: checking for putenv
configure:6315: gcc -o conftest -g -O2   conftest.c -lcurl -lncurses  >&5
configure:6315: $? = 0
configure:6315: result: yes
configure:6331: checking for memicmp
configure:6331: gcc -o conftest -g -O2   conftest.c -lcurl -lncurses  >&5
/tmp/ccj4eVkh.o: In function `main':
/home/gopi/dev/6002Maze/frobtads-1.1/conftest.c:89: undefined reference to `memicmp'
collect2: ld returned 1 exit status
configure:6331: $? = 1
configure: failed program was:
| /* confdefs.h */
| #define PACKAGE_NAME "FrobTADS"
| #define PACKAGE_TARNAME "frobtads"
| #define PACKAGE_VERSION "1.1"
| #define PACKAGE_STRING "FrobTADS 1.1"
| #define PACKAGE_BUGREPORT "realnc@gmail.com"
| #define PACKAGE_URL ""
| #define PACKAGE "frobtads"
| #define VERSION "1.1"
| #define TADS_OEM_VERSION "0"
| #define PACKAGE_MAINTAINER "Nikos Chantziaras"
| #define STDC_HEADERS 1
| #define HAVE_SYS_TYPES_H 1
| #define HAVE_SYS_STAT_H 1
| #define HAVE_STDLIB_H 1
| #define HAVE_STRING_H 1
| #define HAVE_MEMORY_H 1
| #define HAVE_STRINGS_H 1
| #define HAVE_INTTYPES_H 1
| #define HAVE_STDINT_H 1
| #define HAVE_UNISTD_H 1
| #define HAVE_LIMITS_H 1
| #define HAVE_STDDEF_H 1
| #define HAVE_TERMIOS_H 1
| #define HAVE_SYS_IOCTL_H 1
| #define HAVE_NCURSES_H 1
| #define HAVE_SYS_TIME_H 1
| #define TIME_WITH_SYS_TIME 1
| #define HAVE_WCHAR_H 1
| #define HAVE_GLOB_H 1
| #define HAVE_LANGINFO_H 1
| #define HAVE_LOCALE_H 1
| #define GWINSZ_IN_SYS_IOCTL 1
| #define HAVE_SIGWINCH 1
| #define C_USHORT_DEFINED 1
| #define C_UINT_DEFINED 1
| #define C_ULONG_DEFINED 1
| #define CXX_USHORT_DEFINED 1
| #define CXX_UINT_DEFINED 1
| #define CXX_ULONG_DEFINED 1
| #define CPU_IS_BIGENDIAN 0
| #define SIZEOF_LONG 8
| #define SIZEOF_INT 4
| #define SIZEOF_SHORT 2
| #define HAVE_DECL_WCSLEN 1
| #define HAVE_DECL_WCSCPY 1
| #define HAVE_TIOCGWINSZ 1
| #define LSTAT_FOLLOWS_SLASHED_SYMLINK 1
| #define HAVE_VPRINTF 1
| #define HAVE_MEMMOVE 1
| #define HAVE_MEMSET 1
| #define HAVE_STRCHR 1
| #define HAVE_PUTENV 1
| /* end confdefs.h.  */
| /* Define memicmp to an innocuous variant, in case <limits.h> declares memicmp.
|    For example, HP-UX 11i <limits.h> declares gettimeofday.  */
| #define memicmp innocuous_memicmp
| 
| /* System header to define __stub macros and hopefully few prototypes,
|     which can conflict with char memicmp (); below.
|     Prefer <limits.h> to <assert.h> if __STDC__ is defined, since
|     <limits.h> exists even on freestanding compilers.  */
| 
| #ifdef __STDC__
| # include <limits.h>
| #else
| # include <assert.h>
| #endif
| 
| #undef memicmp
| 
| /* Override any GCC internal prototype to avoid an error.
|    Use char because int might match the return type of a GCC
|    builtin and then its argument prototype would still apply.  */
| #ifdef __cplusplus
| extern "C"
| #endif
| char memicmp ();
| /* The GNU C library defines this for functions which it implements
|     to always fail with ENOSYS.  Some functions are actually named
|     something starting with __ and the normal name is an alias.  */
| #if defined __stub_memicmp || defined __stub___memicmp
| choke me
| #endif
| 
| int
| main ()
| {
| return memicmp ();
|   ;
|   return 0;
| }
configure:6331: result: no
configure:6348: checking for stricmp
configure:6348: gcc -o conftest -g -O2   conftest.c -lcurl -lncurses  >&5
/tmp/cccWAxjp.o: In function `main':
/home/gopi/dev/6002Maze/frobtads-1.1/conftest.c:89: undefined reference to `stricmp'
collect2: ld returned 1 exit status
configure:6348: $? = 1
configure: failed program was:
| /* confdefs.h */
| #define PACKAGE_NAME "FrobTADS"
| #define PACKAGE_TARNAME "frobtads"
| #define PACKAGE_VERSION "1.1"
| #define PACKAGE_STRING "FrobTADS 1.1"
| #define PACKAGE_BUGREPORT "realnc@gmail.com"
| #define PACKAGE_URL ""
| #define PACKAGE "frobtads"
| #define VERSION "1.1"
| #define TADS_OEM_VERSION "0"
| #define PACKAGE_MAINTAINER "Nikos Chantziaras"
| #define STDC_HEADERS 1
| #define HAVE_SYS_TYPES_H 1
| #define HAVE_SYS_STAT_H 1
| #define HAVE_STDLIB_H 1
| #define HAVE_STRING_H 1
| #define HAVE_MEMORY_H 1
| #define HAVE_STRINGS_H 1
| #define HAVE_INTTYPES_H 1
| #define HAVE_STDINT_H 1
| #define HAVE_UNISTD_H 1
| #define HAVE_LIMITS_H 1
| #define HAVE_STDDEF_H 1
| #define HAVE_TERMIOS_H 1
| #define HAVE_SYS_IOCTL_H 1
| #define HAVE_NCURSES_H 1
| #define HAVE_SYS_TIME_H 1
| #define TIME_WITH_SYS_TIME 1
| #define HAVE_WCHAR_H 1
| #define HAVE_GLOB_H 1
| #define HAVE_LANGINFO_H 1
| #define HAVE_LOCALE_H 1
| #define GWINSZ_IN_SYS_IOCTL 1
| #define HAVE_SIGWINCH 1
| #define C_USHORT_DEFINED 1
| #define C_UINT_DEFINED 1
| #define C_ULONG_DEFINED 1
| #define CXX_USHORT_DEFINED 1
| #define CXX_UINT_DEFINED 1
| #define CXX_ULONG_DEFINED 1
| #define CPU_IS_BIGENDIAN 0
| #define SIZEOF_LONG 8
| #define SIZEOF_INT 4
| #define SIZEOF_SHORT 2
| #define HAVE_DECL_WCSLEN 1
| #define HAVE_DECL_WCSCPY 1
| #define HAVE_TIOCGWINSZ 1
| #define LSTAT_FOLLOWS_SLASHED_SYMLINK 1
| #define HAVE_VPRINTF 1
| #define HAVE_MEMMOVE 1
| #define HAVE_MEMSET 1
| #define HAVE_STRCHR 1
| #define HAVE_PUTENV 1
| /* end confdefs.h.  */
| /* Define stricmp to an innocuous variant, in case <limits.h> declares stricmp.
|    For example, HP-UX 11i <limits.h> declares gettimeofday.  */
| #define stricmp innocuous_stricmp
| 
| /* System header to define __stub macros and hopefully few prototypes,
|     which can conflict with char stricmp (); below.
|     Prefer <limits.h> to <assert.h> if __STDC__ is defined, since
|     <limits.h> exists even on freestanding compilers.  */
| 
| #ifdef __STDC__
| # include <limits.h>
| #else
| # include <assert.h>
| #endif
| 
| #undef stricmp
| 
| /* Override any GCC internal prototype to avoid an error.
|    Use char because int might match the return type of a GCC
|    builtin and then its argument prototype would still apply.  */
| #ifdef __cplusplus
| extern "C"
| #endif
| char stricmp ();
| /* The GNU C library defines this for functions which it implements
|     to always fail with ENOSYS.  Some functions are actually named
|     something starting with __ and the normal name is an alias.  */
| #if defined __stub_stricmp || defined __stub___stricmp
| choke me
| #endif
| 
| int
| main ()
| {
| return stricmp ();
|   ;
|   return 0;
| }
configure:6348: result: no
configure:6355: checking for strcasecmp
configure:6355: gcc -o conftest -g -O2   conftest.c -lcurl -lncurses  >&5
conftest.c:78:6: warning: conflicting types for built-in function 'strcasecmp' [enabled by default]
configure:6355: $? = 0
configure:6355: result: yes
configure:6373: checking for strnicmp
configure:6373: gcc -o conftest -g -O2   conftest.c -lcurl -lncurses  >&5
/tmp/ccKIk4eB.o: In function `main':
/home/gopi/dev/6002Maze/frobtads-1.1/conftest.c:91: undefined reference to `strnicmp'
collect2: ld returned 1 exit status
configure:6373: $? = 1
configure: failed program was:
| /* confdefs.h */
| #define PACKAGE_NAME "FrobTADS"
| #define PACKAGE_TARNAME "frobtads"
| #define PACKAGE_VERSION "1.1"
| #define PACKAGE_STRING "FrobTADS 1.1"
| #define PACKAGE_BUGREPORT "realnc@gmail.com"
| #define PACKAGE_URL ""
| #define PACKAGE "frobtads"
| #define VERSION "1.1"
| #define TADS_OEM_VERSION "0"
| #define PACKAGE_MAINTAINER "Nikos Chantziaras"
| #define STDC_HEADERS 1
| #define HAVE_SYS_TYPES_H 1
| #define HAVE_SYS_STAT_H 1
| #define HAVE_STDLIB_H 1
| #define HAVE_STRING_H 1
| #define HAVE_MEMORY_H 1
| #define HAVE_STRINGS_H 1
| #define HAVE_INTTYPES_H 1
| #define HAVE_STDINT_H 1
| #define HAVE_UNISTD_H 1
| #define HAVE_LIMITS_H 1
| #define HAVE_STDDEF_H 1
| #define HAVE_TERMIOS_H 1
| #define HAVE_SYS_IOCTL_H 1
| #define HAVE_NCURSES_H 1
| #define HAVE_SYS_TIME_H 1
| #define TIME_WITH_SYS_TIME 1
| #define HAVE_WCHAR_H 1
| #define HAVE_GLOB_H 1
| #define HAVE_LANGINFO_H 1
| #define HAVE_LOCALE_H 1
| #define GWINSZ_IN_SYS_IOCTL 1
| #define HAVE_SIGWINCH 1
| #define C_USHORT_DEFINED 1
| #define C_UINT_DEFINED 1
| #define C_ULONG_DEFINED 1
| #define CXX_USHORT_DEFINED 1
| #define CXX_UINT_DEFINED 1
| #define CXX_ULONG_DEFINED 1
| #define CPU_IS_BIGENDIAN 0
| #define SIZEOF_LONG 8
| #define SIZEOF_INT 4
| #define SIZEOF_SHORT 2
| #define HAVE_DECL_WCSLEN 1
| #define HAVE_DECL_WCSCPY 1
| #define HAVE_TIOCGWINSZ 1
| #define LSTAT_FOLLOWS_SLASHED_SYMLINK 1
| #define HAVE_VPRINTF 1
| #define HAVE_MEMMOVE 1
| #define HAVE_MEMSET 1
| #define HAVE_STRCHR 1
| #define HAVE_PUTENV 1
| #define stricmp strcasecmp
| #define HAVE_STRCASECMP 1
| /* end confdefs.h.  */
| /* Define strnicmp to an innocuous variant, in case <limits.h> declares strnicmp.
|    For example, HP-UX 11i <limits.h> declares gettimeofday.  */
| #define strnicmp innocuous_strnicmp
| 
| /* System header to define __stub macros and hopefully few prototypes,
|     which can conflict with char strnicmp (); below.
|     Prefer <limits.h> to <assert.h> if __STDC__ is defined, since
|     <limits.h> exists even on freestanding compilers.  */
| 
| #ifdef __STDC__
| # include <limits.h>
| #else
| # include <assert.h>
| #endif
| 
| #undef strnicmp
| 
| /* Override any GCC internal prototype to avoid an error.
|    Use char because int might match the return type of a GCC
|    builtin and then its argument prototype would still apply.  */
| #ifdef __cplusplus
| extern "C"
| #endif
| char strnicmp ();
| /* The GNU C library defines this for functions which it implements
|     to always fail with ENOSYS.  Some functions are actually named
|     something starting with __ and the normal name is an alias.  */
| #if defined __stub_strnicmp || defined __stub___strnicmp
| choke me
| #endif
| 
| int
| main ()
| {
| return strnicmp ();
|   ;
|   return 0;
| }
configure:6373: result: no
configure:6380: checking for strncasecmp
configure:6380: gcc -o conftest -g -O2   conftest.c -lcurl -lncurses  >&5
conftest.c:80:6: warning: conflicting types for built-in function 'strncasecmp' [enabled by default]
configure:6380: $? = 0
configure:6380: result: yes
configure:6405: checking for chdir
configure:6405: gcc -o conftest -g -O2   conftest.c -lcurl -lncurses  >&5
configure:6405: $? = 0
configure:6405: result: yes
configure:6446: checking for library containing clock_gettime
configure:6477: gcc -o conftest -g -O2   conftest.c -lcurl -lncurses  >&5
/tmp/ccEorYJX.o: In function `main':
/home/gopi/dev/6002Maze/frobtads-1.1/conftest.c:71: undefined reference to `clock_gettime'
collect2: ld returned 1 exit status
configure:6477: $? = 1
configure: failed program was:
| /* confdefs.h */
| #define PACKAGE_NAME "FrobTADS"
| #define PACKAGE_TARNAME "frobtads"
| #define PACKAGE_VERSION "1.1"
| #define PACKAGE_STRING "FrobTADS 1.1"
| #define PACKAGE_BUGREPORT "realnc@gmail.com"
| #define PACKAGE_URL ""
| #define PACKAGE "frobtads"
| #define VERSION "1.1"
| #define TADS_OEM_VERSION "0"
| #define PACKAGE_MAINTAINER "Nikos Chantziaras"
| #define STDC_HEADERS 1
| #define HAVE_SYS_TYPES_H 1
| #define HAVE_SYS_STAT_H 1
| #define HAVE_STDLIB_H 1
| #define HAVE_STRING_H 1
| #define HAVE_MEMORY_H 1
| #define HAVE_STRINGS_H 1
| #define HAVE_INTTYPES_H 1
| #define HAVE_STDINT_H 1
| #define HAVE_UNISTD_H 1
| #define HAVE_LIMITS_H 1
| #define HAVE_STDDEF_H 1
| #define HAVE_TERMIOS_H 1
| #define HAVE_SYS_IOCTL_H 1
| #define HAVE_NCURSES_H 1
| #define HAVE_SYS_TIME_H 1
| #define TIME_WITH_SYS_TIME 1
| #define HAVE_WCHAR_H 1
| #define HAVE_GLOB_H 1
| #define HAVE_LANGINFO_H 1
| #define HAVE_LOCALE_H 1
| #define GWINSZ_IN_SYS_IOCTL 1
| #define HAVE_SIGWINCH 1
| #define C_USHORT_DEFINED 1
| #define C_UINT_DEFINED 1
| #define C_ULONG_DEFINED 1
| #define CXX_USHORT_DEFINED 1
| #define CXX_UINT_DEFINED 1
| #define CXX_ULONG_DEFINED 1
| #define CPU_IS_BIGENDIAN 0
| #define SIZEOF_LONG 8
| #define SIZEOF_INT 4
| #define SIZEOF_SHORT 2
| #define HAVE_DECL_WCSLEN 1
| #define HAVE_DECL_WCSCPY 1
| #define HAVE_TIOCGWINSZ 1
| #define LSTAT_FOLLOWS_SLASHED_SYMLINK 1
| #define HAVE_VPRINTF 1
| #define HAVE_MEMMOVE 1
| #define HAVE_MEMSET 1
| #define HAVE_STRCHR 1
| #define HAVE_PUTENV 1
| #define stricmp strcasecmp
| #define HAVE_STRCASECMP 1
| #define strnicmp strncasecmp
| #define HAVE_STRNCASECMP 1
| #define HAVE_CHDIR 1
| /* end confdefs.h.  */
| 
| /* Override any GCC internal prototype to avoid an error.
|    Use char because int might match the return type of a GCC
|    builtin and then its argument prototype would still apply.  */
| #ifdef __cplusplus
| extern "C"
| #endif
| char clock_gettime ();
| int
| main ()
| {
| return clock_gettime ();
|   ;
|   return 0;
| }
configure:6477: gcc -o conftest -g -O2   conftest.c -lrt  -lcurl -lncurses  >&5
configure:6477: $? = 0
configure:6494: result: -lrt
configure:6503: checking whether clock_gettime supports CLOCK_MONOTONIC
configure:6517: gcc -c -g -O2  conftest.c >&5
configure:6517: $? = 0
configure:6519: result: yes
configure:6556: checking for wcslen
configure:6556: gcc -o conftest -g -O2   conftest.c -lrt -lcurl -lncurses  >&5
configure:6556: $? = 0
configure:6556: result: yes
configure:6556: checking for wcscpy
configure:6556: gcc -o conftest -g -O2   conftest.c -lrt -lcurl -lncurses  >&5
configure:6556: $? = 0
configure:6556: result: yes
configure:6556: checking for glob
configure:6556: gcc -o conftest -g -O2   conftest.c -lrt -lcurl -lncurses  >&5
configure:6556: $? = 0
configure:6556: result: yes
configure:6571: checking for use_default_colors
configure:6571: gcc -o conftest -g -O2   conftest.c -lrt -lcurl -lncurses  >&5
configure:6571: $? = 0
configure:6571: result: yes
configure:6583: checking for nl_langinfo and CODESET
configure:6600: gcc -c -g -O2  conftest.c >&5
configure:6600: $? = 0
configure:6609: result: yes
configure:6619: checking for setlocale
configure:6619: gcc -o conftest -g -O2   conftest.c -lrt -lcurl -lncurses  >&5
configure:6619: $? = 0
configure:6619: result: yes
configure:6651: checking whether the C++ compiler supports the and keyword
configure:6668: g++ -c -g -O2  conftest.cpp >&5
configure:6668: $? = 0
configure:6677: result: yes
configure:6685: checking whether the C++ compiler supports the or keyword
configure:6702: g++ -c -g -O2  conftest.cpp >&5
configure:6702: $? = 0
configure:6711: result: yes
configure:6719: checking whether the C++ compiler supports the not keyword
configure:6736: g++ -c -g -O2  conftest.cpp >&5
configure:6736: $? = 0
configure:6745: result: yes
configure:6756: checking for bool
configure:6756: g++ -c -g -O2  conftest.cpp >&5
configure:6756: $? = 0
configure:6756: g++ -c -g -O2  conftest.cpp >&5
conftest.cpp: In function 'int main()':
conftest.cpp:107:14: error: expected primary-expression before 'bool'
conftest.cpp:107:14: error: expected ')' before 'bool'
conftest.cpp:108:14: error: expected ')' before ';' token
conftest.cpp:108:14: error: expected ')' before ';' token
configure:6756: $? = 1
configure: failed program was:
| /* confdefs.h */
| #define PACKAGE_NAME "FrobTADS"
| #define PACKAGE_TARNAME "frobtads"
| #define PACKAGE_VERSION "1.1"
| #define PACKAGE_STRING "FrobTADS 1.1"
| #define PACKAGE_BUGREPORT "realnc@gmail.com"
| #define PACKAGE_URL ""
| #define PACKAGE "frobtads"
| #define VERSION "1.1"
| #define TADS_OEM_VERSION "0"
| #define PACKAGE_MAINTAINER "Nikos Chantziaras"
| #define STDC_HEADERS 1
| #define HAVE_SYS_TYPES_H 1
| #define HAVE_SYS_STAT_H 1
| #define HAVE_STDLIB_H 1
| #define HAVE_STRING_H 1
| #define HAVE_MEMORY_H 1
| #define HAVE_STRINGS_H 1
| #define HAVE_INTTYPES_H 1
| #define HAVE_STDINT_H 1
| #define HAVE_UNISTD_H 1
| #define HAVE_LIMITS_H 1
| #define HAVE_STDDEF_H 1
| #define HAVE_TERMIOS_H 1
| #define HAVE_SYS_IOCTL_H 1
| #define HAVE_NCURSES_H 1
| #define HAVE_SYS_TIME_H 1
| #define TIME_WITH_SYS_TIME 1
| #define HAVE_WCHAR_H 1
| #define HAVE_GLOB_H 1
| #define HAVE_LANGINFO_H 1
| #define HAVE_LOCALE_H 1
| #define GWINSZ_IN_SYS_IOCTL 1
| #define HAVE_SIGWINCH 1
| #define C_USHORT_DEFINED 1
| #define C_UINT_DEFINED 1
| #define C_ULONG_DEFINED 1
| #define CXX_USHORT_DEFINED 1
| #define CXX_UINT_DEFINED 1
| #define CXX_ULONG_DEFINED 1
| #define CPU_IS_BIGENDIAN 0
| #define SIZEOF_LONG 8
| #define SIZEOF_INT 4
| #define SIZEOF_SHORT 2
| #define HAVE_DECL_WCSLEN 1
| #define HAVE_DECL_WCSCPY 1
| #define HAVE_TIOCGWINSZ 1
| #define LSTAT_FOLLOWS_SLASHED_SYMLINK 1
| #define HAVE_VPRINTF 1
| #define HAVE_MEMMOVE 1
| #define HAVE_MEMSET 1
| #define HAVE_STRCHR 1
| #define HAVE_PUTENV 1
| #define stricmp strcasecmp
| #define HAVE_STRCASECMP 1
| #define strnicmp strncasecmp
| #define HAVE_STRNCASECMP 1
| #define HAVE_CHDIR 1
| #define HAVE_CLOCK_GETTIME 1
| #define HAVE_CLOCK_MONOTONIC 1
| #define HAVE_WCSLEN 1
| #define HAVE_WCSCPY 1
| #define HAVE_GLOB 1
| #define HAVE_USE_DEFAULT_COLORS 1
| #define HAVE_LANGINFO_CODESET 1
| #define HAVE_SETLOCALE 1
| #define HAVE_AND_KEYWORD 1
| #define HAVE_OR_KEYWORD 1
| #define HAVE_NOT_KEYWORD 1
| /* end confdefs.h.  */
| #include <stdio.h>
| #ifdef HAVE_SYS_TYPES_H
| # include <sys/types.h>
| #endif
| #ifdef HAVE_SYS_STAT_H
| # include <sys/stat.h>
| #endif
| #ifdef STDC_HEADERS
| # include <stdlib.h>
| # include <stddef.h>
| #else
| # ifdef HAVE_STDLIB_H
| #  include <stdlib.h>
| # endif
| #endif
| #ifdef HAVE_STRING_H
| # if !defined STDC_HEADERS && defined HAVE_MEMORY_H
| #  include <memory.h>
| # endif
| # include <string.h>
| #endif
| #ifdef HAVE_STRINGS_H
| # include <strings.h>
| #endif
| #ifdef HAVE_INTTYPES_H
| # include <inttypes.h>
| #endif
| #ifdef HAVE_STDINT_H
| # include <stdint.h>
| #endif
| #ifdef HAVE_UNISTD_H
| # include <unistd.h>
| #endif
| int
| main ()
| {
| if (sizeof ((bool)))
| 	    return 0;
|   ;
|   return 0;
| }
configure:6756: result: yes
configure:6774: checking whether the compiler supports dynamic_cast<>
configure:6797: g++ -c -g -O2  conftest.cpp >&5
configure:6797: $? = 0
configure:6806: result: yes
configure:6814: checking whether the compiler supports static_cast<>
configure:6839: g++ -c -g -O2  conftest.cpp >&5
configure:6839: $? = 0
configure:6848: result: yes
configure:6856: checking whether the compiler supports reinterpret_cast<>
configure:6882: g++ -c -g -O2  conftest.cpp >&5
configure:6882: $? = 0
configure:6891: result: yes
configure:6933: checking whether to create static or dynamic binaries
configure:6949: result: let the system decide
configure:7223: creating ./config.status

## ---------------------- ##
## Running config.status. ##
## ---------------------- ##

This file was extended by FrobTADS config.status 1.1, which was
generated by GNU Autoconf 2.68.  Invocation command line was

  CONFIG_FILES    = 
  CONFIG_HEADERS  = 
  CONFIG_LINKS    = 
  CONFIG_COMMANDS = 
  $ ./config.status 

on batman

config.status:935: creating Makefile
config.status:935: creating config.h
config.status:1164: executing depfiles commands

## ---------------- ##
## Cache variables. ##
## ---------------- ##

ac_cv_c_bigendian=no
ac_cv_c_compiler_gnu=yes
ac_cv_c_const=yes
ac_cv_c_volatile=yes
ac_cv_cxx_and_keyword=yes
ac_cv_cxx_compiler_gnu=yes
ac_cv_cxx_dynamic_cast=yes
ac_cv_cxx_not_keyword=yes
ac_cv_cxx_or_keyword=yes
ac_cv_cxx_reinterpret_cast=yes
ac_cv_cxx_static_cast=yes
ac_cv_env_CCC_set=
ac_cv_env_CCC_value=
ac_cv_env_CC_set=
ac_cv_env_CC_value=
ac_cv_env_CFLAGS_set=
ac_cv_env_CFLAGS_value=
ac_cv_env_CPPFLAGS_set=
ac_cv_env_CPPFLAGS_value=
ac_cv_env_CPP_set=
ac_cv_env_CPP_value=
ac_cv_env_CXXFLAGS_set=
ac_cv_env_CXXFLAGS_value=
ac_cv_env_CXX_set=
ac_cv_env_CXX_value=
ac_cv_env_LDFLAGS_set=
ac_cv_env_LDFLAGS_value=
ac_cv_env_LIBS_set=
ac_cv_env_LIBS_value=
ac_cv_env_build_alias_set=
ac_cv_env_build_alias_value=
ac_cv_env_host_alias_set=
ac_cv_env_host_alias_value=
ac_cv_env_target_alias_set=
ac_cv_env_target_alias_value=
ac_cv_func__doprnt=no
ac_cv_func_chdir=yes
ac_cv_func_glob=yes
ac_cv_func_lstat_dereferences_slashed_symlink=yes
ac_cv_func_memcmp_working=yes
ac_cv_func_memicmp=no
ac_cv_func_memmove=yes
ac_cv_func_memset=yes
ac_cv_func_putenv=yes
ac_cv_func_setlocale=yes
ac_cv_func_stat_empty_string_bug=no
ac_cv_func_strcasecmp=yes
ac_cv_func_strchr=yes
ac_cv_func_stricmp=no
ac_cv_func_strncasecmp=yes
ac_cv_func_strnicmp=no
ac_cv_func_use_default_colors=yes
ac_cv_func_vprintf=yes
ac_cv_func_wcscpy=yes
ac_cv_func_wcslen=yes
ac_cv_have_decl_wcscpy=yes
ac_cv_have_decl_wcslen=yes
ac_cv_header_glob_h=yes
ac_cv_header_inttypes_h=yes
ac_cv_header_langinfo_h=yes
ac_cv_header_limits_h=yes
ac_cv_header_locale_h=yes
ac_cv_header_memory_h=yes
ac_cv_header_ncurses_h=yes
ac_cv_header_stdc=yes
ac_cv_header_stddef_h=yes
ac_cv_header_stdint_h=yes
ac_cv_header_stdlib_h=yes
ac_cv_header_string_h=yes
ac_cv_header_strings_h=yes
ac_cv_header_sys_ioctl_h=yes
ac_cv_header_sys_stat_h=yes
ac_cv_header_sys_time_h=yes
ac_cv_header_sys_types_h=yes
ac_cv_header_termios_h=yes
ac_cv_header_time=yes
ac_cv_header_unistd_h=yes
ac_cv_header_wchar_h=yes
ac_cv_objext=o
ac_cv_path_EGREP='/bin/grep -E'
ac_cv_path_GREP=/bin/grep
ac_cv_path_install='/usr/bin/install -c'
ac_cv_path_mkdir=/bin/mkdir
ac_cv_prog_AWK=gawk
ac_cv_prog_CPP='gcc -E'
ac_cv_prog_ac_ct_CC=gcc
ac_cv_prog_ac_ct_CXX=g++
ac_cv_prog_cc_c89=
ac_cv_prog_cc_g=yes
ac_cv_prog_cc_gcc_c_o=yes
ac_cv_prog_cxx_c_o=yes
ac_cv_prog_cxx_g=yes
ac_cv_prog_make_make_set=yes
ac_cv_search_clock_gettime=-lrt
ac_cv_search_curl_global_init=-lcurl
ac_cv_search_initscr=-lncurses
ac_cv_sigwinch_signal=yes
ac_cv_sizeof_int=4
ac_cv_sizeof_long=8
ac_cv_sizeof_short=2
ac_cv_sys_tiocgwinsz_in_sys_ioctl_h=yes
ac_cv_sys_tiocgwinsz_in_termios_h=no
ac_cv_tiocgsize_ioctl=no
ac_cv_tiocgwinsz_ioctl=yes
ac_cv_type_bool=yes
ac_cv_type_size_t=yes
ac_cv_type_uchar=no
ac_cv_type_uchar_=no
ac_cv_type_uint=yes
ac_cv_type_uint_=yes
ac_cv_type_ulong=yes
ac_cv_type_ulong_=yes
ac_cv_type_ushort=yes
ac_cv_type_ushort_=yes
am_cv_CC_dependencies_compiler_type=gcc3
am_cv_CXX_dependencies_compiler_type=gcc3
frob_cv_langinfo_codeset=yes

## ----------------- ##
## Output variables. ##
## ----------------- ##

ACLOCAL='${SHELL} /home/gopi/dev/6002Maze/frobtads-1.1/config/missing --run aclocal-1.11'
AMDEPBACKSLASH='\'
AMDEP_FALSE='#'
AMDEP_TRUE=''
AMTAR='${SHELL} /home/gopi/dev/6002Maze/frobtads-1.1/config/missing --run tar'
AM_BACKSLASH='\'
AM_DEFAULT_VERBOSITY='0'
AUTOCONF='${SHELL} /home/gopi/dev/6002Maze/frobtads-1.1/config/missing --run autoconf'
AUTOHEADER='${SHELL} /home/gopi/dev/6002Maze/frobtads-1.1/config/missing --run autoheader'
AUTOMAKE='${SHELL} /home/gopi/dev/6002Maze/frobtads-1.1/config/missing --run automake-1.11'
AWK='gawk'
BUILD_INTERPRETER_FALSE='#'
BUILD_INTERPRETER_TRUE=''
BUILD_T2_COMPILER_FALSE='#'
BUILD_T2_COMPILER_TRUE=''
BUILD_T3_COMPILER_FALSE='#'
BUILD_T3_COMPILER_TRUE=''
CC='gcc'
CCDEPMODE='depmode=gcc3'
CFLAGS='-g -O2'
CPP='gcc -E'
CPPFLAGS=''
CPU_IS_BIGENDIAN_FALSE=''
CPU_IS_BIGENDIAN_TRUE='#'
CXX='g++'
CXXDEPMODE='depmode=gcc3'
CXXFLAGS='-g -O2'
CYGPATH_W='echo'
DEFS='-DHAVE_CONFIG_H'
DEPDIR='.deps'
ECHO_C=''
ECHO_N='-n'
ECHO_T=''
EGREP='/bin/grep -E'
EXEEXT=''
GREP='/bin/grep'
INSTALL_DATA='${INSTALL} -m 644'
INSTALL_PROGRAM='${INSTALL}'
INSTALL_SCRIPT='${INSTALL}'
INSTALL_STRIP_PROGRAM='$(install_sh) -c -s'
LDFLAGS=''
LIBOBJS=''
LIBS='-lrt -lcurl -lncurses '
LTLIBOBJS=''
MAKEINFO='${SHELL} /home/gopi/dev/6002Maze/frobtads-1.1/config/missing --run makeinfo'
MKDIR_P='/bin/mkdir -p'
OBJEXT='o'
PACKAGE='frobtads'
PACKAGE_BUGREPORT='realnc@gmail.com'
PACKAGE_NAME='FrobTADS'
PACKAGE_STRING='FrobTADS 1.1'
PACKAGE_TARNAME='frobtads'
PACKAGE_URL=''
PACKAGE_VERSION='1.1'
PATH_SEPARATOR=':'
SET_MAKE=''
SHELL='/bin/sh'
STRIP=''
T2_RUNTIME_CHECKING_FALSE=''
T2_RUNTIME_CHECKING_TRUE='#'
T3_DEBUG_BUILD_FALSE=''
T3_DEBUG_BUILD_TRUE='#'
VERSION='1.1'
WCHAR_HEADER_MISSING_FALSE=''
WCHAR_HEADER_MISSING_TRUE='#'
ac_ct_CC='gcc'
ac_ct_CXX='g++'
am__EXEEXT_FALSE=''
am__EXEEXT_TRUE='#'
am__fastdepCC_FALSE='#'
am__fastdepCC_TRUE=''
am__fastdepCXX_FALSE='#'
am__fastdepCXX_TRUE=''
am__include='include'
am__isrc=''
am__leading_dot='.'
am__quote=''
am__tar='${AMTAR} chof - "$$tardir"'
am__untar='${AMTAR} xf -'
bindir='${exec_prefix}/bin'
build_alias=''
datadir='${datarootdir}'
datarootdir='${prefix}/share'
docdir='${datarootdir}/doc/${PACKAGE_TARNAME}'
dvidir='${docdir}'
exec_prefix='${prefix}'
host_alias=''
htmldir='${docdir}'
includedir='${prefix}/include'
infodir='${datarootdir}/info'
install_sh='${SHELL} /home/gopi/dev/6002Maze/frobtads-1.1/config/install-sh'
libdir='${exec_prefix}/lib'
libexecdir='${exec_prefix}/libexec'
localedir='${datarootdir}/locale'
localstatedir='${prefix}/var'
mandir='${datarootdir}/man'
mkdir_p='/bin/mkdir -p'
oldincludedir='/usr/include'
pdfdir='${docdir}'
prefix='/usr/local'
program_transform_name='s,x,x,'
psdir='${docdir}'
sbindir='${exec_prefix}/sbin'
sharedstatedir='${prefix}/com'
sysconfdir='${prefix}/etc'
target_alias=''

## ----------- ##
## confdefs.h. ##
## ----------- ##

/* confdefs.h */
#define PACKAGE_NAME "FrobTADS"
#define PACKAGE_TARNAME "frobtads"
#define PACKAGE_VERSION "1.1"
#define PACKAGE_STRING "FrobTADS 1.1"
#define PACKAGE_BUGREPORT "realnc@gmail.com"
#define PACKAGE_URL ""
#define PACKAGE "frobtads"
#define VERSION "1.1"
#define TADS_OEM_VERSION "0"
#define PACKAGE_MAINTAINER "Nikos Chantziaras"
#define STDC_HEADERS 1
#define HAVE_SYS_TYPES_H 1
#define HAVE_SYS_STAT_H 1
#define HAVE_STDLIB_H 1
#define HAVE_STRING_H 1
#define HAVE_MEMORY_H 1
#define HAVE_STRINGS_H 1
#define HAVE_INTTYPES_H 1
#define HAVE_STDINT_H 1
#define HAVE_UNISTD_H 1
#define HAVE_LIMITS_H 1
#define HAVE_STDDEF_H 1
#define HAVE_TERMIOS_H 1
#define HAVE_SYS_IOCTL_H 1
#define HAVE_NCURSES_H 1
#define HAVE_SYS_TIME_H 1
#define TIME_WITH_SYS_TIME 1
#define HAVE_WCHAR_H 1
#define HAVE_GLOB_H 1
#define HAVE_LANGINFO_H 1
#define HAVE_LOCALE_H 1
#define GWINSZ_IN_SYS_IOCTL 1
#define HAVE_SIGWINCH 1
#define C_USHORT_DEFINED 1
#define C_UINT_DEFINED 1
#define C_ULONG_DEFINED 1
#define CXX_USHORT_DEFINED 1
#define CXX_UINT_DEFINED 1
#define CXX_ULONG_DEFINED 1
#define CPU_IS_BIGENDIAN 0
#define SIZEOF_LONG 8
#define SIZEOF_INT 4
#define SIZEOF_SHORT 2
#define HAVE_DECL_WCSLEN 1
#define HAVE_DECL_WCSCPY 1
#define HAVE_TIOCGWINSZ 1
#define LSTAT_FOLLOWS_SLASHED_SYMLINK 1
#define HAVE_VPRINTF 1
#define HAVE_MEMMOVE 1
#define HAVE_MEMSET 1
#define HAVE_STRCHR 1
#define HAVE_PUTENV 1
#define stricmp strcasecmp
#define HAVE_STRCASECMP 1
#define strnicmp strncasecmp
#define HAVE_STRNCASECMP 1
#define HAVE_CHDIR 1
#define HAVE_CLOCK_GETTIME 1
#define HAVE_CLOCK_MONOTONIC 1
#define HAVE_WCSLEN 1
#define HAVE_WCSCPY 1
#define HAVE_GLOB 1
#define HAVE_USE_DEFAULT_COLORS 1
#define HAVE_LANGINFO_CODESET 1
#define HAVE_SETLOCALE 1
#define HAVE_AND_KEYWORD 1
#define HAVE_OR_KEYWORD 1
#define HAVE_NOT_KEYWORD 1
#define HAVE_BOOL 1
#define HAVE_DYNAMIC_CAST 1
#define HAVE_STATIC_CAST 1
#define HAVE_REINTERPRET_CAST 1

configure: exit 0
